<?xml version="1.0" encoding="UTF-8"?>
<!-- Generated by org.testng.reporters.JUnitReportReporter -->
<testsuite hostname="Portarasus-MacBook-Pro.local" failures="0" tests="3" name="in.chrome.orange.testcases.LoginPageTestCase" time="7.746" errors="0" timestamp="2023-12-02T21:34:35 IST" skipped="0">
  <testcase classname="in.chrome.orange.testcases.LoginPageTestCase" name="loginSuccessTestCase" time="4.473"/>
  <system-out/>
  <testcase classname="in.chrome.orange.testcases.LoginPageTestCase" name="loginFailureWrongUsernameTestCase" time="1.757"/>
  <system-out/>
  <testcase classname="in.chrome.orange.testcases.LoginPageTestCase" name="loginFailureWrongPasswordTestCase" time="1.516"/>
  <system-out/>
</testsuite> <!-- in.chrome.orange.testcases.LoginPageTestCase -->
