<?xml version="1.0" encoding="UTF-8"?>
<!-- Generated by org.testng.reporters.JUnitReportReporter -->
<testsuite hostname="Portarasus-MacBook-Pro.local" failures="0" tests="3" name="in.chrome.orange.testcases.LoginTestCase" time="7.462" errors="0" timestamp="2023-11-26T20:56:04 IST" skipped="0">
  <testcase classname="in.chrome.orange.testcases.LoginTestCase" name="loginSuccessTestCase" time="3.974"/>
  <system-out/>
  <testcase classname="in.chrome.orange.testcases.LoginTestCase" name="loginFailureWrongUsernameTestCase" time="1.869"/>
  <system-out/>
  <testcase classname="in.chrome.orange.testcases.LoginTestCase" name="loginFailureWrongPasswordTestCase" time="1.619"/>
  <system-out/>
</testsuite> <!-- in.chrome.orange.testcases.LoginTestCase -->
